info @storybook/react v6.4.14
info 
info => Cleaning outputDir: /var/folders/v1/pxb6m8dx2zj5fxv_k48kks8m0000gn/T/chromatic--75724-9crmZY1k76jZ
(node:75740) DeprecationWarning: --static-dir CLI flag is deprecated, see:

https://github.com/storybookjs/storybook/blob/next/MIGRATION.md#deprecated---static-dir-cli-flag
(Use `node --trace-deprecation ...` to show where the warning was created)
info => Loading presets
info => Copying static files: ./public => ./
info => Compiling preview..
info => Loading Webpack configuration from `node_modules/react-scripts`
info => Removing existing JavaScript and TypeScript rules.
info => Modifying Create React App rules.
info => Using default Webpack5 setup
<s> [webpack.Progress] 0% 

<s> [webpack.Progress] 1% setup initialize
<s> [webpack.Progress] 1% setup initialize HtmlWebpackPlugin
<s> [webpack.Progress] 1% setup initialize
<s> [webpack.Progress] 2% setup before run
<s> [webpack.Progress] 2% setup before run NodeEnvironmentPlugin
<s> [webpack.Progress] 2% setup before run
<s> [webpack.Progress] 3% setup run
<s> [webpack.Progress] 3% setup run ForkTsCheckerWebpackPlugin
<s> [webpack.Progress] 3% setup run ESLintWebpackPlugin_1
<s> [webpack.Progress] 3% setup run
<s> [webpack.Progress] 4% setup normal module factory
<s> [webpack.Progress] 4% setup normal module factory CaseSensitivePathsPlugin
<s> [webpack.Progress] 4% setup normal module factory ModuleNotFoundPlugin
<s> [webpack.Progress] 4% setup normal module factory IgnorePlugin
<s> [webpack.Progress] 4% setup normal module factory
<s> [webpack.Progress] 5% setup context module factory
<s> [webpack.Progress] 5% setup context module factory IgnorePlugin
<s> [webpack.Progress] 5% setup context module factory
<s> [webpack.Progress] 6% setup before compile
<s> [webpack.Progress] 6% setup before compile ProgressPlugin
<s> [webpack.Progress] 6% setup before compile
<s> [webpack.Progress] 7% setup compile
<s> [webpack.Progress] 7% setup compile ExternalsPlugin
<s> [webpack.Progress] 7% setup compile
<s> [webpack.Progress] 8% setup compilation
<s> [webpack.Progress] 8% setup compilation mini-css-extract-plugin
<s> [webpack.Progress] 8% setup compilation ArrayPushCallbackChunkFormatPlugin
<s> [webpack.Progress] 8% setup compilation JsonpChunkLoadingPlugin
<s> [webpack.Progress] 8% setup compilation StartupChunkDependenciesPlugin
<s> [webpack.Progress] 8% setup compilation ImportScriptsChunkLoadingPlugin
<s> [webpack.Progress] 8% setup compilation FetchCompileWasmPlugin
<s> [webpack.Progress] 8% setup compilation FetchCompileAsyncWasmPlugin
<s> [webpack.Progress] 8% setup compilation WorkerPlugin
<s> [webpack.Progress] 8% setup compilation SplitChunksPlugin
<s> [webpack.Progress] 8% setup compilation RuntimeChunkPlugin
<s> [webpack.Progress] 8% setup compilation ResolverCachePlugin
<s> [webpack.Progress] 8% setup compilation HtmlWebpackPlugin
<s> [webpack.Progress] 8% setup compilation
<s> [webpack.Progress] 9% setup compilation
<s> [webpack.Progress] 9% setup compilation DefinePlugin
<s> [webpack.Progress] 9% setup compilation ProvidePlugin
<s> [webpack.Progress] 9% setup compilation ProgressPlugin
<s> [webpack.Progress] 9% setup compilation InlineChunkHtmlPlugin
<s> [webpack.Progress] 9% setup compilation InterpolateHtmlPlugin
<s> [webpack.Progress] 9% setup compilation mini-css-extract-plugin
<s> [webpack.Progress] 9% setup compilation ForkTsCheckerWebpackPlugin
<s> [webpack.Progress] 9% setup compilation DocGenPlugin
<s> [webpack.Progress] 9% setup compilation ChunkPrefetchPreloadPlugin
<s> [webpack.Progress] 9% setup compilation SourceMapDevToolPlugin
<s> [webpack.Progress] 9% setup compilation JavascriptModulesPlugin
<s> [webpack.Progress] 9% setup compilation JsonModulesPlugin
<s> [webpack.Progress] 9% setup compilation AssetModulesPlugin
<s> [webpack.Progress] 9% setup compilation EntryPlugin
<s> [webpack.Progress] 9% setup compilation EntryPlugin
<s> [webpack.Progress] 9% setup compilation EntryPlugin
<s> [webpack.Progress] 9% setup compilation EntryPlugin
<s> [webpack.Progress] 9% setup compilation EntryPlugin
<s> [webpack.Progress] 9% setup compilation EntryPlugin
<s> [webpack.Progress] 9% setup compilation EntryPlugin
<s> [webpack.Progress] 9% setup compilation EntryPlugin
<s> [webpack.Progress] 9% setup compilation EntryPlugin
<s> [webpack.Progress] 9% setup compilation EntryPlugin
<s> [webpack.Progress] 9% setup compilation EntryPlugin
<s> [webpack.Progress] 9% setup compilation EntryPlugin
<s> [webpack.Progress] 9% setup compilation EntryPlugin
<s> [webpack.Progress] 9% setup compilation EntryPlugin
<s> [webpack.Progress] 9% setup compilation EntryPlugin
<s> [webpack.Progress] 9% setup compilation RuntimePlugin
<s> [webpack.Progress] 9% setup compilation InferAsyncModulesPlugin
<s> [webpack.Progress] 9% setup compilation DataUriPlugin
<s> [webpack.Progress] 9% setup compilation FileUriPlugin
<s> [webpack.Progress] 9% setup compilation CompatibilityPlugin
<s> [webpack.Progress] 9% setup compilation HarmonyModulesPlugin
<s> [webpack.Progress] 9% setup compilation AMDPlugin
<s> [webpack.Progress] 9% setup compilation RequireJsStuffPlugin
<s> [webpack.Progress] 9% setup compilation CommonJsPlugin
<s> [webpack.Progress] 9% setup compilation LoaderPlugin
<s> [webpack.Progress] 9% setup compilation LoaderPlugin
<s> [webpack.Progress] 9% setup compilation NodeStuffPlugin
<s> [webpack.Progress] 9% setup compilation APIPlugin
<s> [webpack.Progress] 9% setup compilation ExportsInfoApiPlugin
<s> [webpack.Progress] 9% setup compilation WebpackIsIncludedPlugin
<s> [webpack.Progress] 9% setup compilation ConstPlugin
<s> [webpack.Progress] 9% setup compilation UseStrictPlugin
<s> [webpack.Progress] 9% setup compilation RequireIncludePlugin
<s> [webpack.Progress] 9% setup compilation RequireEnsurePlugin
<s> [webpack.Progress] 9% setup compilation RequireContextPlugin
<s> [webpack.Progress] 9% setup compilation ImportPlugin
<s> [webpack.Progress] 9% setup compilation SystemPlugin
<s> [webpack.Progress] 9% setup compilation ImportMetaPlugin
<s> [webpack.Progress] 9% setup compilation URLPlugin
<s> [webpack.Progress] 9% setup compilation DefaultStatsFactoryPlugin
<s> [webpack.Progress] 9% setup compilation DefaultStatsPresetPlugin
<s> [webpack.Progress] 9% setup compilation DefaultStatsPrinterPlugin
<s> [webpack.Progress] 9% setup compilation JavascriptMetaInfoPlugin
<s> [webpack.Progress] 9% setup compilation EnsureChunkConditionsPlugin
<s> [webpack.Progress] 9% setup compilation RemoveEmptyChunksPlugin
<s> [webpack.Progress] 9% setup compilation MergeDuplicateChunksPlugin
<s> [webpack.Progress] 9% setup compilation FlagIncludedChunksPlugin
<s> [webpack.Progress] 9% setup compilation SideEffectsFlagPlugin
<s> [webpack.Progress] 9% setup compilation FlagDependencyExportsPlugin
<s> [webpack.Progress] 9% setup compilation FlagDependencyUsagePlugin
<s> [webpack.Progress] 9% setup compilation InnerGraphPlugin
<s> [webpack.Progress] 9% setup compilation MangleExportsPlugin
<s> [webpack.Progress] 9% setup compilation ModuleConcatenationPlugin
<s> [webpack.Progress] 9% setup compilation NoEmitOnErrorsPlugin
<s> [webpack.Progress] 9% setup compilation RealContentHashPlugin
<s> [webpack.Progress] 9% setup compilation WasmFinalizeExportsPlugin
<s> [webpack.Progress] 9% setup compilation NamedModuleIdsPlugin
<s> [webpack.Progress] 9% setup compilation DeterministicChunkIdsPlugin
<s> [webpack.Progress] 9% setup compilation DefinePlugin
<s> [webpack.Progress] 9% setup compilation TerserPlugin
<s> [webpack.Progress] 9% setup compilation TemplatedPathPlugin
<s> [webpack.Progress] 9% setup compilation RecordIdsPlugin
<s> [webpack.Progress] 9% setup compilation WarnCaseSensitiveModulesPlugin
<s> [webpack.Progress] 9% setup compilation IgnoreWarningsPlugin
<s> [webpack.Progress] 9% setup compilation ESLintWebpackPlugin_1
<s> [webpack.Progress] 9% setup compilation
<s> [webpack.Progress] 10% building
<s> [webpack.Progress] 10% building 0/1 entries 0/0 dependencies 0/0 modules
<s> [webpack.Progress] 10% building import loader ./node_modules/babel-loader/lib/index.js
<s> [webpack.Progress] 10% building import loader ./node_modules/source-map-loader/dist/cjs.js
<s> [webpack.Progress] 10% building 0/15 entries 6/20 dependencies 0/5 modules
<s> [webpack.Progress] 10% building 0/15 entries 21/64 dependencies 0/18 modules
<s> [webpack.Progress] 10% building import loader ./node_modules/@mdx-js/loader/index.js
<s> [webpack.Progress] 10% building 0/15 entries 22/64 dependencies 0/19 modules
<s> [webpack.Progress] 10% building import loader ./node_modules/@storybook/source-loader/dist/cjs/index.js
<s> [webpack.Progress] 10% building 0/15 entries 25/64 dependencies 0/22 modules
<s> [webpack.Progress] 10% building 0/15 entries 61/180 dependencies 7/50 modules
<s> [webpack.Progress] 13% building 1/15 entries 62/180 dependencies 10/50 modules
<s> [webpack.Progress] 99% cache begin idle
<s> [webpack.Progress] 99% cache begin idle
<s> [webpack.Progress] 100% 

ERR! => Failed to build the preview
ERR! Module not found: Error: Can't resolve './Page' in '/Users/taiseiyasui/Desktop/PRG2/react/demo/client/src/stories'
<s> [webpack.Progress] 99% cache shutdown
<s> [webpack.Progress] 99% cache shutdown
<s> [webpack.Progress] 100% 

<s> [webpack.Progress] 17% building 2/15 entries 83/180 dependencies 12/50 modules
<s> [webpack.Progress] 21% building 3/15 entries 83/180 dependencies 15/50 modules
<s> [webpack.Progress] 24% building 4/15 entries 83/180 dependencies 18/50 modules
ERR! ModuleNotFoundError: Module not found: Error: Can't resolve './Page' in '/Users/taiseiyasui/Desktop/PRG2/react/demo/client/src/stories'
ERR!     at /Users/taiseiyasui/Desktop/PRG2/react/demo/client/node_modules/webpack/lib/Compilation.js:2013:28
ERR!     at /Users/taiseiyasui/Desktop/PRG2/react/demo/client/node_modules/webpack/lib/NormalModuleFactory.js:795:13
ERR!     at eval (eval at create (/Users/taiseiyasui/Desktop/PRG2/react/demo/client/node_modules/webpack/node_modules/tapable/lib/HookCodeFactory.js:33:10), <anonymous>:10:1)
ERR!     at /Users/taiseiyasui/Desktop/PRG2/react/demo/client/node_modules/webpack/lib/NormalModuleFactory.js:275:22
ERR!     at eval (eval at create (/Users/taiseiyasui/Desktop/PRG2/react/demo/client/node_modules/webpack/node_modules/tapable/lib/HookCodeFactory.js:33:10), <anonymous>:9:1)
ERR!     at /Users/taiseiyasui/Desktop/PRG2/react/demo/client/node_modules/webpack/lib/NormalModuleFactory.js:431:22
ERR!     at /Users/taiseiyasui/Desktop/PRG2/react/demo/client/node_modules/webpack/lib/NormalModuleFactory.js:124:11
ERR!     at /Users/taiseiyasui/Desktop/PRG2/react/demo/client/node_modules/webpack/lib/NormalModuleFactory.js:667:25
ERR!     at /Users/taiseiyasui/Desktop/PRG2/react/demo/client/node_modules/webpack/lib/NormalModuleFactory.js:852:8
ERR!     at /Users/taiseiyasui/Desktop/PRG2/react/demo/client/node_modules/webpack/lib/NormalModuleFactory.js:972:5
ERR!     at /Users/taiseiyasui/Desktop/PRG2/react/demo/client/node_modules/neo-async/async.js:6883:13
ERR!     at Array.<anonymous> (/Users/taiseiyasui/Desktop/PRG2/react/demo/client/node_modules/webpack/lib/NormalModuleFactory.js:947:14)
ERR!     at arrayEachFunc (/Users/taiseiyasui/Desktop/PRG2/react/demo/client/node_modules/neo-async/async.js:2517:19)
ERR!     at Object.parallel (/Users/taiseiyasui/Desktop/PRG2/react/demo/client/node_modules/neo-async/async.js:6858:9)
ERR!     at NormalModuleFactory._resolveResourceErrorHints (/Users/taiseiyasui/Desktop/PRG2/react/demo/client/node_modules/webpack/lib/NormalModuleFactory.js:870:12)
ERR!     at /Users/taiseiyasui/Desktop/PRG2/react/demo/client/node_modules/webpack/lib/NormalModuleFactory.js:831:18
ERR!  ModuleNotFoundError: Module not found: Error: Can't resolve './Page' in '/Users/taiseiyasui/Desktop/PRG2/react/demo/client/src/stories'
ERR!     at /Users/taiseiyasui/Desktop/PRG2/react/demo/client/node_modules/webpack/lib/Compilation.js:2013:28
ERR!     at /Users/taiseiyasui/Desktop/PRG2/react/demo/client/node_modules/webpack/lib/NormalModuleFactory.js:795:13
ERR!     at eval (eval at create (/Users/taiseiyasui/Desktop/PRG2/react/demo/client/node_modules/webpack/node_modules/tapable/lib/HookCodeFactory.js:33:10), <anonymous>:10:1)
ERR!     at /Users/taiseiyasui/Desktop/PRG2/react/demo/client/node_modules/webpack/lib/NormalModuleFactory.js:275:22
ERR!     at eval (eval at create (/Users/taiseiyasui/Desktop/PRG2/react/demo/client/node_modules/webpack/node_modules/tapable/lib/HookCodeFactory.js:33:10), <anonymous>:9:1)
ERR!     at /Users/taiseiyasui/Desktop/PRG2/react/demo/client/node_modules/webpack/lib/NormalModuleFactory.js:431:22
ERR!     at /Users/taiseiyasui/Desktop/PRG2/react/demo/client/node_modules/webpack/lib/NormalModuleFactory.js:124:11
ERR!     at /Users/taiseiyasui/Desktop/PRG2/react/demo/client/node_modules/webpack/lib/NormalModuleFactory.js:667:25
ERR!     at /Users/taiseiyasui/Desktop/PRG2/react/demo/client/node_modules/webpack/lib/NormalModuleFactory.js:852:8
ERR!     at /Users/taiseiyasui/Desktop/PRG2/react/demo/client/node_modules/webpack/lib/NormalModuleFactory.js:972:5
ERR!     at /Users/taiseiyasui/Desktop/PRG2/react/demo/client/node_modules/neo-async/async.js:6883:13
ERR!     at Array.<anonymous> (/Users/taiseiyasui/Desktop/PRG2/react/demo/client/node_modules/webpack/lib/NormalModuleFactory.js:947:14)
ERR!     at arrayEachFunc (/Users/taiseiyasui/Desktop/PRG2/react/demo/client/node_modules/neo-async/async.js:2517:19)
ERR!     at Object.parallel (/Users/taiseiyasui/Desktop/PRG2/react/demo/client/node_modules/neo-async/async.js:6858:9)
ERR!     at NormalModuleFactory._resolveResourceErrorHints (/Users/taiseiyasui/Desktop/PRG2/react/demo/client/node_modules/webpack/lib/NormalModuleFactory.js:870:12)
ERR!     at /Users/taiseiyasui/Desktop/PRG2/react/demo/client/node_modules/webpack/lib/NormalModuleFactory.js:831:18
ERR! resolve './Page' in '/Users/taiseiyasui/Desktop/PRG2/react/demo/client/src/stories'
ERR!   using description file: /Users/taiseiyasui/Desktop/PRG2/react/demo/client/package.json (relative path: ./src/stories)
ERR!     Field 'browser' doesn't contain a valid alias configuration
ERR!     using description file: /Users/taiseiyasui/Desktop/PRG2/react/demo/client/package.json (relative path: ./src/stories/Page)
ERR!       no extension
ERR!         Field 'browser' doesn't contain a valid alias configuration
ERR!         /Users/taiseiyasui/Desktop/PRG2/react/demo/client/src/stories/Page doesn't exist
ERR!       .web.mjs
ERR!         Field 'browser' doesn't contain a valid alias configuration
ERR!         /Users/taiseiyasui/Desktop/PRG2/react/demo/client/src/stories/Page.web.mjs doesn't exist
ERR!       .mjs
ERR!         Field 'browser' doesn't contain a valid alias configuration
ERR!         /Users/taiseiyasui/Desktop/PRG2/react/demo/client/src/stories/Page.mjs doesn't exist
ERR!       .web.js
ERR!         Field 'browser' doesn't contain a valid alias configuration
ERR!         /Users/taiseiyasui/Desktop/PRG2/react/demo/client/src/stories/Page.web.js doesn't exist
ERR!       .js
ERR!         Field 'browser' doesn't contain a valid alias configuration
ERR!         /Users/taiseiyasui/Desktop/PRG2/react/demo/client/src/stories/Page.js doesn't exist
ERR!       .web.ts
ERR!         Field 'browser' doesn't contain a valid alias configuration
ERR!         /Users/taiseiyasui/Desktop/PRG2/react/demo/client/src/stories/Page.web.ts doesn't exist
ERR!       .ts
ERR!         Field 'browser' doesn't contain a valid alias configuration
ERR!         /Users/taiseiyasui/Desktop/PRG2/react/demo/client/src/stories/Page.ts doesn't exist
ERR!       .web.tsx
ERR!         Field 'browser' doesn't contain a valid alias configuration
ERR!         /Users/taiseiyasui/Desktop/PRG2/react/demo/client/src/stories/Page.web.tsx doesn't exist
ERR!       .tsx
ERR!         Field 'browser' doesn't contain a valid alias configuration
ERR!         /Users/taiseiyasui/Desktop/PRG2/react/demo/client/src/stories/Page.tsx doesn't exist
ERR!       .json
ERR!         Field 'browser' doesn't contain a valid alias configuration
ERR!         /Users/taiseiyasui/Desktop/PRG2/react/demo/client/src/stories/Page.json doesn't exist
ERR!       .web.jsx
ERR!         Field 'browser' doesn't contain a valid alias configuration
ERR!         /Users/taiseiyasui/Desktop/PRG2/react/demo/client/src/stories/Page.web.jsx doesn't exist
ERR!       .jsx
ERR!         Field 'browser' doesn't contain a valid alias configuration
ERR!         /Users/taiseiyasui/Desktop/PRG2/react/demo/client/src/stories/Page.jsx doesn't exist
ERR!       as directory
ERR!         /Users/taiseiyasui/Desktop/PRG2/react/demo/client/src/stories/Page doesn't exist
